# JRE version: OpenJDK Runtime Environment Microsoft-9388408 (17.0.11+9) (build 17.0.11+9-LTS)
# Java VM: OpenJDK 64-Bit Server VM Microsoft-9388408 (17.0.11+9-LTS, mixed mode, sharing, tiered, compressed oops, compressed class ptrs, g1 gc, windows-amd64)
GC Precious Log:
 CPUs: 12 total, 12 available
 Memory: 15775M
 Large Page Support: Disabled
 NUMA Support: Disabled
 Compressed Oops: Enabled (Zero based)
 Heap Region Size: 2M
 Heap Min Capacity: 8M
 Heap Initial Capacity: 248M
 Heap Max Capacity: 4G
 Pre-touch: Disabled
 Parallel Workers: 10
 Concurrent Workers: 3
 Concurrent Refinement Workers: 10
 Periodic GC: Disabled
Heap:
 garbage-first heap   total 843776K, used 569344K [0x0000000700000000, 0x0000000800000000)
  region size 2048K, 11 young (22528K), 11 survivors (22528K)
 Metaspace       used 187720K, committed 188992K, reserved 1245184K
  class space    used 24209K, committed 24832K, reserved 1048576K
GC Heap History (20 events):
Event: 29.135 GC heap after
{Heap after GC invocations=49 (full 0):
 garbage-first heap   total 647168K, used 240681K [0x0000000700000000, 0x0000000800000000)
  region size 2048K, 7 young (14336K), 7 survivors (14336K)
 Metaspace       used 163496K, committed 164544K, reserved 1245184K
  class space    used 20820K, committed 21312K, reserved 1048576K
}
Event: 34.717 GC heap before
{Heap before GC invocations=49 (full 0):
 garbage-first heap   total 647168K, used 449577K [0x0000000700000000, 0x0000000800000000)
  region size 2048K, 110 young (225280K), 7 survivors (14336K)
 Metaspace       used 172247K, committed 173440K, reserved 1245184K
  class space    used 21891K, committed 22464K, reserved 1048576K
}
Event: 34.736 GC heap after
{Heap after GC invocations=50 (full 0):
 garbage-first heap   total 647168K, used 256440K [0x0000000700000000, 0x0000000800000000)
  region size 2048K, 14 young (28672K), 14 survivors (28672K)
 Metaspace       used 172247K, committed 173440K, reserved 1245184K
  class space    used 21891K, committed 22464K, reserved 1048576K
}
Event: 37.062 GC heap before
{Heap before GC invocations=50 (full 0):
 garbage-first heap   total 647168K, used 475576K [0x0000000700000000, 0x0000000800000000)
  region size 2048K, 121 young (247808K), 14 survivors (28672K)
 Metaspace       used 173223K, committed 174464K, reserved 1245184K
  class space    used 22032K, committed 22656K, reserved 1048576K
}
Event: 37.089 GC heap after
{Heap after GC invocations=51 (full 0):
 garbage-first heap   total 647168K, used 281459K [0x0000000700000000, 0x0000000800000000)
  region size 2048K, 12 young (24576K), 12 survivors (24576K)
 Metaspace       used 173223K, committed 174464K, reserved 1245184K
  class space    used 22032K, committed 22656K, reserved 1048576K
}
Event: 37.587 GC heap before
{Heap before GC invocations=51 (full 0):
 garbage-first heap   total 647168K, used 492403K [0x0000000700000000, 0x0000000800000000)
  region size 2048K, 115 young (235520K), 12 survivors (24576K)
 Metaspace       used 175645K, committed 176832K, reserved 1245184K
  class space    used 22379K, committed 22976K, reserved 1048576K
}
Event: 37.603 GC heap after
{Heap after GC invocations=52 (full 0):
 garbage-first heap   total 647168K, used 328529K [0x0000000700000000, 0x0000000800000000)
  region size 2048K, 15 young (30720K), 15 survivors (30720K)
 Metaspace       used 175645K, committed 176832K, reserved 1245184K
  class space    used 22379K, committed 22976K, reserved 1048576K
}
Event: 37.940 GC heap before
{Heap before GC invocations=52 (full 0):
 garbage-first heap   total 647168K, used 500561K [0x0000000700000000, 0x0000000800000000)
  region size 2048K, 99 young (202752K), 15 survivors (30720K)
 Metaspace       used 177815K, committed 179008K, reserved 1245184K
  class space    used 22654K, committed 23232K, reserved 1048576K
}
Event: 37.958 GC heap after
{Heap after GC invocations=53 (full 0):
 garbage-first heap   total 647168K, used 368631K [0x0000000700000000, 0x0000000800000000)
  region size 2048K, 13 young (26624K), 13 survivors (26624K)
 Metaspace       used 177815K, committed 179008K, reserved 1245184K
  class space    used 22654K, committed 23232K, reserved 1048576K
}
Event: 38.271 GC heap before
{Heap before GC invocations=53 (full 0):
 garbage-first heap   total 647168K, used 507895K [0x0000000700000000, 0x0000000800000000)
  region size 2048K, 82 young (167936K), 13 survivors (26624K)
 Metaspace       used 179243K, committed 180480K, reserved 1245184K
  class space    used 22879K, committed 23488K, reserved 1048576K
}
Event: 38.292 GC heap after
{Heap after GC invocations=54 (full 0):
 garbage-first heap   total 647168K, used 402203K [0x0000000700000000, 0x0000000800000000)
  region size 2048K, 11 young (22528K), 11 survivors (22528K)
 Metaspace       used 179243K, committed 180480K, reserved 1245184K
  class space    used 22879K, committed 23488K, reserved 1048576K
}
Event: 38.530 GC heap before
{Heap before GC invocations=54 (full 0):
 garbage-first heap   total 647168K, used 516891K [0x0000000700000000, 0x0000000800000000)
  region size 2048K, 67 young (137216K), 11 survivors (22528K)
 Metaspace       used 180247K, committed 181440K, reserved 1245184K
  class space    used 23011K, committed 23616K, reserved 1048576K
}
Event: 38.561 GC heap after
{Heap after GC invocations=55 (full 0):
 garbage-first heap   total 843776K, used 431516K [0x0000000700000000, 0x0000000800000000)
  region size 2048K, 9 young (18432K), 9 survivors (18432K)
 Metaspace       used 180247K, committed 181440K, reserved 1245184K
  class space    used 23011K, committed 23616K, reserved 1048576K
}
Event: 39.020 GC heap before
{Heap before GC invocations=55 (full 0):
 garbage-first heap   total 843776K, used 644508K [0x0000000700000000, 0x0000000800000000)
  region size 2048K, 114 young (233472K), 9 survivors (18432K)
 Metaspace       used 182828K, committed 184064K, reserved 1245184K
  class space    used 23423K, committed 24064K, reserved 1048576K
}
Event: 39.059 GC heap after
{Heap after GC invocations=56 (full 0):
 garbage-first heap   total 843776K, used 479006K [0x0000000700000000, 0x0000000800000000)
  region size 2048K, 15 young (30720K), 15 survivors (30720K)
 Metaspace       used 182828K, committed 184064K, reserved 1245184K
  class space    used 23423K, committed 24064K, reserved 1048576K
}
Event: 39.501 GC heap before
{Heap before GC invocations=56 (full 0):
 garbage-first heap   total 843776K, used 661278K [0x0000000700000000, 0x0000000800000000)
  region size 2048K, 105 young (215040K), 15 survivors (30720K)
 Metaspace       used 185286K, committed 186560K, reserved 1245184K
  class space    used 23823K, committed 24448K, reserved 1048576K
}
Event: 39.543 GC heap after
{Heap after GC invocations=57 (full 0):
 garbage-first heap   total 843776K, used 517342K [0x0000000700000000, 0x0000000800000000)
  region size 2048K, 14 young (28672K), 14 survivors (28672K)
 Metaspace       used 185286K, committed 186560K, reserved 1245184K
  class space    used 23823K, committed 24448K, reserved 1048576K
}
Event: 39.950 GC heap before
{Heap before GC invocations=57 (full 0):
 garbage-first heap   total 843776K, used 677086K [0x0000000700000000, 0x0000000800000000)
  region size 2048K, 92 young (188416K), 14 survivors (28672K)
 Metaspace       used 187085K, committed 188352K, reserved 1245184K
  class space    used 24133K, committed 24768K, reserved 1048576K
}
Event: 39.980 GC heap after
{Heap after GC invocations=58 (full 0):
 garbage-first heap   total 843776K, used 545462K [0x0000000700000000, 0x0000000800000000)
  region size 2048K, 12 young (24576K), 12 survivors (24576K)
 Metaspace       used 187085K, committed 188352K, reserved 1245184K
  class space    used 24133K, committed 24768K, reserved 1048576K
}
Event: 40.283 GC heap before
{Heap before GC invocations=58 (full 0):
 garbage-first heap   total 843776K, used 688822K [0x0000000700000000, 0x0000000800000000)
  region size 2048K, 82 young (167936K), 12 survivors (24576K)
 Metaspace       used 187720K, committed 188992K, reserved 1245184K
  class space    used 24209K, committed 24832K, reserved 1048576K
}

